Analysis & Synthesis report for fileread
Sun Mar 17 22:49:31 2013
Quartus II 32-bit Version 12.1 Build 177 11/07/2012 SJ Full Version


---------------------
; Table of Contents ;
---------------------
  1. Legal Notice
  2. Analysis & Synthesis Summary
  3. Analysis & Synthesis Settings
  4. Parallel Compilation
  5. Analysis & Synthesis Source Files Read
  6. Analysis & Synthesis Resource Usage Summary
  7. Analysis & Synthesis Resource Utilization by Entity
  8. Registers Removed During Synthesis
  9. Removed Registers Triggering Further Register Optimizations
 10. General Register Statistics
 11. Parameter Settings for User Entity Instance: Top-level Entity: |intermediate_read
 12. Elapsed Time Per Partition
 13. Analysis & Synthesis Messages



----------------
; Legal Notice ;
----------------
Copyright (C) 1991-2012 Altera Corporation
Your use of Altera Corporation's design tools, logic functions 
and other software and tools, and its AMPP partner logic 
functions, and any output files from any of the foregoing 
(including device programming or simulation files), and any 
associated documentation or information are expressly subject 
to the terms and conditions of the Altera Program License 
Subscription Agreement, Altera MegaCore Function License 
Agreement, or other applicable license agreement, including, 
without limitation, that your use is for the sole purpose of 
programming logic devices manufactured by Altera and sold by 
Altera or its authorized distributors.  Please refer to the 
applicable agreement for further details.



+--------------------------------------------------------------------------------+
; Analysis & Synthesis Summary                                                   ;
+------------------------------------+-------------------------------------------+
; Analysis & Synthesis Status        ; Successful - Sun Mar 17 22:49:30 2013     ;
; Quartus II 32-bit Version          ; 12.1 Build 177 11/07/2012 SJ Full Version ;
; Revision Name                      ; fileread                                  ;
; Top-level Entity Name              ; intermediate_read                         ;
; Family                             ; Cyclone IV GX                             ;
; Total logic elements               ; 75                                        ;
;     Total combinational functions  ; 11                                        ;
;     Dedicated logic registers      ; 67                                        ;
; Total registers                    ; 67                                        ;
; Total pins                         ; 138                                       ;
; Total virtual pins                 ; 0                                         ;
; Total memory bits                  ; 0                                         ;
; Embedded Multiplier 9-bit elements ; 0                                         ;
; Total GXB Receiver Channel PCS     ; 0                                         ;
; Total GXB Receiver Channel PMA     ; 0                                         ;
; Total GXB Transmitter Channel PCS  ; 0                                         ;
; Total GXB Transmitter Channel PMA  ; 0                                         ;
; Total PLLs                         ; 0                                         ;
+------------------------------------+-------------------------------------------+


+----------------------------------------------------------------------------------------------------------------------+
; Analysis & Synthesis Settings                                                                                        ;
+----------------------------------------------------------------------------+--------------------+--------------------+
; Option                                                                     ; Setting            ; Default Value      ;
+----------------------------------------------------------------------------+--------------------+--------------------+
; Device                                                                     ; EP4CGX15BF14C6     ;                    ;
; Top-level entity name                                                      ; intermediate_read  ; fileread           ;
; Family name                                                                ; Cyclone IV GX      ; Cyclone IV GX      ;
; Verilog Show LMF Mapping Messages                                          ; Off                ;                    ;
; Verilog Version                                                            ; SystemVerilog_2005 ; Verilog_2001       ;
; Use smart compilation                                                      ; Off                ; Off                ;
; Enable parallel Assembler and TimeQuest Timing Analyzer during compilation ; On                 ; On                 ;
; Enable compact report table                                                ; Off                ; Off                ;
; Restructure Multiplexers                                                   ; Auto               ; Auto               ;
; Create Debugging Nodes for IP Cores                                        ; Off                ; Off                ;
; Preserve fewer node names                                                  ; On                 ; On                 ;
; Disable OpenCore Plus hardware evaluation                                  ; Off                ; Off                ;
; VHDL Version                                                               ; VHDL_1993          ; VHDL_1993          ;
; State Machine Processing                                                   ; Auto               ; Auto               ;
; Safe State Machine                                                         ; Off                ; Off                ;
; Extract Verilog State Machines                                             ; On                 ; On                 ;
; Extract VHDL State Machines                                                ; On                 ; On                 ;
; Ignore Verilog initial constructs                                          ; Off                ; Off                ;
; Iteration limit for constant Verilog loops                                 ; 5000               ; 5000               ;
; Iteration limit for non-constant Verilog loops                             ; 250                ; 250                ;
; Add Pass-Through Logic to Inferred RAMs                                    ; On                 ; On                 ;
; Infer RAMs from Raw Logic                                                  ; On                 ; On                 ;
; Parallel Synthesis                                                         ; On                 ; On                 ;
; DSP Block Balancing                                                        ; Auto               ; Auto               ;
; NOT Gate Push-Back                                                         ; On                 ; On                 ;
; Power-Up Don't Care                                                        ; On                 ; On                 ;
; Remove Redundant Logic Cells                                               ; Off                ; Off                ;
; Remove Duplicate Registers                                                 ; On                 ; On                 ;
; Ignore CARRY Buffers                                                       ; Off                ; Off                ;
; Ignore CASCADE Buffers                                                     ; Off                ; Off                ;
; Ignore GLOBAL Buffers                                                      ; Off                ; Off                ;
; Ignore ROW GLOBAL Buffers                                                  ; Off                ; Off                ;
; Ignore LCELL Buffers                                                       ; Off                ; Off                ;
; Ignore SOFT Buffers                                                        ; On                 ; On                 ;
; Limit AHDL Integers to 32 Bits                                             ; Off                ; Off                ;
; Optimization Technique                                                     ; Balanced           ; Balanced           ;
; Carry Chain Length                                                         ; 70                 ; 70                 ;
; Auto Carry Chains                                                          ; On                 ; On                 ;
; Auto Open-Drain Pins                                                       ; On                 ; On                 ;
; Perform WYSIWYG Primitive Resynthesis                                      ; Off                ; Off                ;
; Auto ROM Replacement                                                       ; On                 ; On                 ;
; Auto RAM Replacement                                                       ; On                 ; On                 ;
; Auto DSP Block Replacement                                                 ; On                 ; On                 ;
; Auto Shift Register Replacement                                            ; Auto               ; Auto               ;
; Allow Shift Register Merging across Hierarchies                            ; Auto               ; Auto               ;
; Auto Clock Enable Replacement                                              ; On                 ; On                 ;
; Strict RAM Replacement                                                     ; Off                ; Off                ;
; Allow Synchronous Control Signals                                          ; On                 ; On                 ;
; Force Use of Synchronous Clear Signals                                     ; Off                ; Off                ;
; Auto RAM Block Balancing                                                   ; On                 ; On                 ;
; Auto RAM to Logic Cell Conversion                                          ; Off                ; Off                ;
; Auto Resource Sharing                                                      ; Off                ; Off                ;
; Allow Any RAM Size For Recognition                                         ; Off                ; Off                ;
; Allow Any ROM Size For Recognition                                         ; Off                ; Off                ;
; Allow Any Shift Register Size For Recognition                              ; Off                ; Off                ;
; Use LogicLock Constraints during Resource Balancing                        ; On                 ; On                 ;
; Ignore translate_off and synthesis_off directives                          ; Off                ; Off                ;
; Timing-Driven Synthesis                                                    ; On                 ; On                 ;
; Report Parameter Settings                                                  ; On                 ; On                 ;
; Report Source Assignments                                                  ; On                 ; On                 ;
; Report Connectivity Checks                                                 ; On                 ; On                 ;
; Ignore Maximum Fan-Out Assignments                                         ; Off                ; Off                ;
; Synchronization Register Chain Length                                      ; 2                  ; 2                  ;
; PowerPlay Power Optimization                                               ; Normal compilation ; Normal compilation ;
; HDL message level                                                          ; Level2             ; Level2             ;
; Suppress Register Optimization Related Messages                            ; Off                ; Off                ;
; Number of Removed Registers Reported in Synthesis Report                   ; 5000               ; 5000               ;
; Number of Swept Nodes Reported in Synthesis Report                         ; 5000               ; 5000               ;
; Number of Inverted Registers Reported in Synthesis Report                  ; 100                ; 100                ;
; Clock MUX Protection                                                       ; On                 ; On                 ;
; Auto Gated Clock Conversion                                                ; Off                ; Off                ;
; Block Design Naming                                                        ; Auto               ; Auto               ;
; SDC constraint protection                                                  ; Off                ; Off                ;
; Synthesis Effort                                                           ; Auto               ; Auto               ;
; Shift Register Replacement - Allow Asynchronous Clear Signal               ; On                 ; On                 ;
; Pre-Mapping Resynthesis Optimization                                       ; Off                ; Off                ;
; Analysis & Synthesis Message Level                                         ; Medium             ; Medium             ;
; Disable Register Merging Across Hierarchies                                ; Auto               ; Auto               ;
; Resource Aware Inference For Block RAM                                     ; On                 ; On                 ;
; Synthesis Seed                                                             ; 1                  ; 1                  ;
+----------------------------------------------------------------------------+--------------------+--------------------+


+------------------------------------------+
; Parallel Compilation                     ;
+----------------------------+-------------+
; Processors                 ; Number      ;
+----------------------------+-------------+
; Number detected on machine ; 2           ;
; Maximum allowed            ; 2           ;
;                            ;             ;
; Average used               ; 1.00        ;
; Maximum used               ; 1           ;
;                            ;             ;
; Usage by Processor         ; % Time Used ;
;     1 processor            ; 100.0%      ;
;     2 processors           ;   0.0%      ;
+----------------------------+-------------+


+------------------------------------------------------------------------------------------------------------------------------------------------------------------+
; Analysis & Synthesis Source Files Read                                                                                                                           ;
+----------------------------------+-----------------+------------------------+--------------------------------------------------------------------------+---------+
; File Name with User-Entered Path ; Used in Netlist ; File Type              ; File Name with Absolute Path                                             ; Library ;
+----------------------------------+-----------------+------------------------+--------------------------------------------------------------------------+---------+
; intermediate_read.v              ; yes             ; User Verilog HDL File  ; /home/user2/spring13/asc2171/Documents/TOE/file_read/intermediate_read.v ;         ;
+----------------------------------+-----------------+------------------------+--------------------------------------------------------------------------+---------+


+---------------------------------------------+
; Analysis & Synthesis Resource Usage Summary ;
+--------------------------+------------------+
; Resource                 ; Usage            ;
+--------------------------+------------------+
; I/O pins                 ; 138              ;
; DSP block 9-bit elements ; 0                ;
; Maximum fan-out          ; 67               ;
; Total fan-out            ; 441              ;
; Average fan-out          ; 1.25             ;
+--------------------------+------------------+


+-----------------------------------------------------------------------------------------------------------------------------------------------------------------------------------------+
; Analysis & Synthesis Resource Utilization by Entity                                                                                                                                     ;
+----------------------------+-------------------+--------------+-------------+--------------+---------+-----------+-----------+------+--------------+---------------------+--------------+
; Compilation Hierarchy Node ; LC Combinationals ; LC Registers ; Memory Bits ; DSP Elements ; DSP 9x9 ; DSP 18x18 ; DSP 36x36 ; Pins ; Virtual Pins ; Full Hierarchy Name ; Library Name ;
+----------------------------+-------------------+--------------+-------------+--------------+---------+-----------+-----------+------+--------------+---------------------+--------------+
; |intermediate_read         ; 11 (11)           ; 67 (67)      ; 0           ; 0            ; 0       ; 0         ; 0         ; 138  ; 0            ; |intermediate_read  ;              ;
+----------------------------+-------------------+--------------+-------------+--------------+---------+-----------+-----------+------+--------------+---------------------+--------------+
Note: For table entries with two numbers listed, the numbers in parentheses indicate the number of resources of the given type used by the specific entity alone. The numbers listed outside of parentheses indicate the total resources of the given type used by the specific entity and all of its sub-entities in the hierarchy.


+---------------------------------------------------------------------------------+
; Registers Removed During Synthesis                                              ;
+----------------------------------------+----------------------------------------+
; Register name                          ; Reason for Removal                     ;
+----------------------------------------+----------------------------------------+
; data_y[0]~reg0                         ; Stuck at GND due to stuck port data_in ;
; data_y[1]~reg0                         ; Stuck at GND due to stuck port data_in ;
; data_y[2]~reg0                         ; Stuck at GND due to stuck port data_in ;
; data_y[3]~reg0                         ; Stuck at GND due to stuck port data_in ;
; data_y[4]~reg0                         ; Stuck at GND due to stuck port data_in ;
; data_y[5]~reg0                         ; Stuck at GND due to stuck port data_in ;
; data_y[6]~reg0                         ; Stuck at GND due to stuck port data_in ;
; data_y[7]~reg0                         ; Stuck at GND due to stuck port data_in ;
; data_y[8]~reg0                         ; Stuck at GND due to stuck port data_in ;
; data_y[9]~reg0                         ; Stuck at GND due to stuck port data_in ;
; data_y[10]~reg0                        ; Stuck at GND due to stuck port data_in ;
; data_y[11]~reg0                        ; Stuck at GND due to stuck port data_in ;
; data_y[12]~reg0                        ; Stuck at GND due to stuck port data_in ;
; data_y[13]~reg0                        ; Stuck at GND due to stuck port data_in ;
; data_y[14]~reg0                        ; Stuck at GND due to stuck port data_in ;
; data_y[15]~reg0                        ; Stuck at GND due to stuck port data_in ;
; data_y[16]~reg0                        ; Stuck at GND due to stuck port data_in ;
; data_y[17]~reg0                        ; Stuck at GND due to stuck port data_in ;
; data_y[18]~reg0                        ; Stuck at GND due to stuck port data_in ;
; data_y[19]~reg0                        ; Stuck at GND due to stuck port data_in ;
; data_y[20]~reg0                        ; Stuck at GND due to stuck port data_in ;
; data_y[21]~reg0                        ; Stuck at GND due to stuck port data_in ;
; data_y[22]~reg0                        ; Stuck at GND due to stuck port data_in ;
; data_y[23]~reg0                        ; Stuck at GND due to stuck port data_in ;
; data_y[24]~reg0                        ; Stuck at GND due to stuck port data_in ;
; data_y[25]~reg0                        ; Stuck at GND due to stuck port data_in ;
; data_y[26]~reg0                        ; Stuck at GND due to stuck port data_in ;
; data_y[27]~reg0                        ; Stuck at GND due to stuck port data_in ;
; data_y[28]~reg0                        ; Stuck at GND due to stuck port data_in ;
; data_y[29]~reg0                        ; Stuck at GND due to stuck port data_in ;
; data_y[30]~reg0                        ; Stuck at GND due to stuck port data_in ;
; data_y[31]~reg0                        ; Stuck at GND due to stuck port data_in ;
; data_y[32]~reg0                        ; Stuck at GND due to stuck port data_in ;
; data_y[33]~reg0                        ; Stuck at GND due to stuck port data_in ;
; data_y[34]~reg0                        ; Stuck at GND due to stuck port data_in ;
; data_y[35]~reg0                        ; Stuck at GND due to stuck port data_in ;
; data_y[36]~reg0                        ; Stuck at GND due to stuck port data_in ;
; data_y[37]~reg0                        ; Stuck at GND due to stuck port data_in ;
; data_y[38]~reg0                        ; Stuck at GND due to stuck port data_in ;
; data_y[39]~reg0                        ; Stuck at GND due to stuck port data_in ;
; data_y[40]~reg0                        ; Stuck at GND due to stuck port data_in ;
; data_y[41]~reg0                        ; Stuck at GND due to stuck port data_in ;
; data_y[42]~reg0                        ; Stuck at GND due to stuck port data_in ;
; data_y[43]~reg0                        ; Stuck at GND due to stuck port data_in ;
; data_y[44]~reg0                        ; Stuck at GND due to stuck port data_in ;
; data_y[45]~reg0                        ; Stuck at GND due to stuck port data_in ;
; data_y[46]~reg0                        ; Stuck at GND due to stuck port data_in ;
; data_y[47]~reg0                        ; Stuck at GND due to stuck port data_in ;
; data_y[48]~reg0                        ; Stuck at GND due to stuck port data_in ;
; data_y[49]~reg0                        ; Stuck at GND due to stuck port data_in ;
; data_y[50]~reg0                        ; Stuck at GND due to stuck port data_in ;
; data_y[51]~reg0                        ; Stuck at GND due to stuck port data_in ;
; data_y[52]~reg0                        ; Stuck at GND due to stuck port data_in ;
; data_y[53]~reg0                        ; Stuck at GND due to stuck port data_in ;
; data_y[54]~reg0                        ; Stuck at GND due to stuck port data_in ;
; data_y[55]~reg0                        ; Stuck at GND due to stuck port data_in ;
; data_y[56]~reg0                        ; Stuck at GND due to stuck port data_in ;
; data_y[57]~reg0                        ; Stuck at GND due to stuck port data_in ;
; data_y[58]~reg0                        ; Stuck at GND due to stuck port data_in ;
; data_y[59]~reg0                        ; Stuck at GND due to stuck port data_in ;
; data_y[60]~reg0                        ; Stuck at GND due to stuck port data_in ;
; data_y[61]~reg0                        ; Stuck at GND due to stuck port data_in ;
; data_y[62]~reg0                        ; Stuck at GND due to stuck port data_in ;
; data_y[63]~reg0                        ; Stuck at GND due to stuck port data_in ;
; Total Number of Removed Registers = 64 ;                                        ;
+----------------------------------------+----------------------------------------+


+-----------------------------------------------------------------------------------------------------------------------------------+
; Removed Registers Triggering Further Register Optimizations                                                                       ;
+----------------+---------------------------+--------------------------------------------------------------------------------------+
; Register name  ; Reason for Removal        ; Registers Removed due to This Register                                               ;
+----------------+---------------------------+--------------------------------------------------------------------------------------+
; data_y[0]~reg0 ; Stuck at GND              ; data_y[8]~reg0, data_y[16]~reg0, data_y[24]~reg0, data_y[32]~reg0, data_y[40]~reg0,  ;
;                ; due to stuck port data_in ; data_y[48]~reg0, data_y[56]~reg0                                                     ;
; data_y[1]~reg0 ; Stuck at GND              ; data_y[9]~reg0, data_y[17]~reg0, data_y[25]~reg0, data_y[33]~reg0, data_y[41]~reg0,  ;
;                ; due to stuck port data_in ; data_y[49]~reg0, data_y[57]~reg0                                                     ;
; data_y[2]~reg0 ; Stuck at GND              ; data_y[10]~reg0, data_y[18]~reg0, data_y[26]~reg0, data_y[34]~reg0, data_y[42]~reg0, ;
;                ; due to stuck port data_in ; data_y[50]~reg0, data_y[58]~reg0                                                     ;
; data_y[3]~reg0 ; Stuck at GND              ; data_y[11]~reg0, data_y[19]~reg0, data_y[27]~reg0, data_y[35]~reg0, data_y[43]~reg0, ;
;                ; due to stuck port data_in ; data_y[51]~reg0, data_y[59]~reg0                                                     ;
; data_y[4]~reg0 ; Stuck at GND              ; data_y[12]~reg0, data_y[20]~reg0, data_y[28]~reg0, data_y[36]~reg0, data_y[44]~reg0, ;
;                ; due to stuck port data_in ; data_y[52]~reg0, data_y[60]~reg0                                                     ;
; data_y[5]~reg0 ; Stuck at GND              ; data_y[13]~reg0, data_y[21]~reg0, data_y[29]~reg0, data_y[37]~reg0, data_y[45]~reg0, ;
;                ; due to stuck port data_in ; data_y[53]~reg0, data_y[61]~reg0                                                     ;
; data_y[6]~reg0 ; Stuck at GND              ; data_y[14]~reg0, data_y[22]~reg0, data_y[30]~reg0, data_y[38]~reg0, data_y[46]~reg0, ;
;                ; due to stuck port data_in ; data_y[54]~reg0, data_y[62]~reg0                                                     ;
; data_y[7]~reg0 ; Stuck at GND              ; data_y[15]~reg0, data_y[23]~reg0, data_y[31]~reg0, data_y[39]~reg0, data_y[47]~reg0, ;
;                ; due to stuck port data_in ; data_y[55]~reg0, data_y[63]~reg0                                                     ;
+----------------+---------------------------+--------------------------------------------------------------------------------------+


+------------------------------------------------------+
; General Register Statistics                          ;
+----------------------------------------------+-------+
; Statistic                                    ; Value ;
+----------------------------------------------+-------+
; Total registers                              ; 67    ;
; Number of registers using Synchronous Clear  ; 0     ;
; Number of registers using Synchronous Load   ; 0     ;
; Number of registers using Asynchronous Clear ; 0     ;
; Number of registers using Asynchronous Load  ; 0     ;
; Number of registers using Clock Enable       ; 64    ;
; Number of registers using Preset             ; 0     ;
+----------------------------------------------+-------+


+-----------------------------------------------------------------------------------+
; Parameter Settings for User Entity Instance: Top-level Entity: |intermediate_read ;
+----------------+-------+----------------------------------------------------------+
; Parameter Name ; Value ; Type                                                     ;
+----------------+-------+----------------------------------------------------------+
; out_bit        ; 64    ; Signed Integer                                           ;
; in_bit         ; 8     ; Signed Integer                                           ;
+----------------+-------+----------------------------------------------------------+
Note: In order to hide this table in the UI and the text report file, please set the "Show Parameter Settings in Synthesis Report" option in "Analysis and Synthesis Settings -> More Settings" to "Off".


+-------------------------------+
; Elapsed Time Per Partition    ;
+----------------+--------------+
; Partition Name ; Elapsed Time ;
+----------------+--------------+
; Top            ; 00:00:02     ;
+----------------+--------------+


+-------------------------------+
; Analysis & Synthesis Messages ;
+-------------------------------+
Info: *******************************************************************
Info: Running Quartus II 32-bit Analysis & Synthesis
    Info: Version 12.1 Build 177 11/07/2012 SJ Full Version
    Info: Processing started: Sun Mar 17 22:49:25 2013
Info: Command: quartus_map --read_settings_files=on --write_settings_files=off fileread -c fileread
Info (20030): Parallel compilation is enabled and will use 2 of the 2 processors detected
Info (12021): Found 2 design units, including 1 entities, in source file file_read.vhd
    Info (12022): Found design unit 1: FILE_READ-read_from_file
    Info (12023): Found entity 1: FILE_READ
Info (12021): Found 2 design units, including 0 entities, in source file txt_util.vhd
    Info (12022): Found design unit 1: txt_util
    Info (12022): Found design unit 2: txt_util-body
Info (12021): Found 1 design units, including 1 entities, in source file intermediate_read.v
    Info (12023): Found entity 1: intermediate_read
Info (12021): Found 1 design units, including 1 entities, in source file dflipflop.v
    Info (12023): Found entity 1: dflipflop
Info (12127): Elaborating entity "intermediate_read" for the top level hierarchy
Warning (10230): Verilog HDL assignment warning at intermediate_read.v(33): truncated value with size 32 to match size of target (3)
Warning (13024): Output pins are stuck at VCC or GND
    Warning (13410): Pin "data_y[0]" is stuck at GND
    Warning (13410): Pin "data_y[1]" is stuck at GND
    Warning (13410): Pin "data_y[2]" is stuck at GND
    Warning (13410): Pin "data_y[3]" is stuck at GND
    Warning (13410): Pin "data_y[4]" is stuck at GND
    Warning (13410): Pin "data_y[5]" is stuck at GND
    Warning (13410): Pin "data_y[6]" is stuck at GND
    Warning (13410): Pin "data_y[7]" is stuck at GND
    Warning (13410): Pin "data_y[8]" is stuck at GND
    Warning (13410): Pin "data_y[9]" is stuck at GND
    Warning (13410): Pin "data_y[10]" is stuck at GND
    Warning (13410): Pin "data_y[11]" is stuck at GND
    Warning (13410): Pin "data_y[12]" is stuck at GND
    Warning (13410): Pin "data_y[13]" is stuck at GND
    Warning (13410): Pin "data_y[14]" is stuck at GND
    Warning (13410): Pin "data_y[15]" is stuck at GND
    Warning (13410): Pin "data_y[16]" is stuck at GND
    Warning (13410): Pin "data_y[17]" is stuck at GND
    Warning (13410): Pin "data_y[18]" is stuck at GND
    Warning (13410): Pin "data_y[19]" is stuck at GND
    Warning (13410): Pin "data_y[20]" is stuck at GND
    Warning (13410): Pin "data_y[21]" is stuck at GND
    Warning (13410): Pin "data_y[22]" is stuck at GND
    Warning (13410): Pin "data_y[23]" is stuck at GND
    Warning (13410): Pin "data_y[24]" is stuck at GND
    Warning (13410): Pin "data_y[25]" is stuck at GND
    Warning (13410): Pin "data_y[26]" is stuck at GND
    Warning (13410): Pin "data_y[27]" is stuck at GND
    Warning (13410): Pin "data_y[28]" is stuck at GND
    Warning (13410): Pin "data_y[29]" is stuck at GND
    Warning (13410): Pin "data_y[30]" is stuck at GND
    Warning (13410): Pin "data_y[31]" is stuck at GND
    Warning (13410): Pin "data_y[32]" is stuck at GND
    Warning (13410): Pin "data_y[33]" is stuck at GND
    Warning (13410): Pin "data_y[34]" is stuck at GND
    Warning (13410): Pin "data_y[35]" is stuck at GND
    Warning (13410): Pin "data_y[36]" is stuck at GND
    Warning (13410): Pin "data_y[37]" is stuck at GND
    Warning (13410): Pin "data_y[38]" is stuck at GND
    Warning (13410): Pin "data_y[39]" is stuck at GND
    Warning (13410): Pin "data_y[40]" is stuck at GND
    Warning (13410): Pin "data_y[41]" is stuck at GND
    Warning (13410): Pin "data_y[42]" is stuck at GND
    Warning (13410): Pin "data_y[43]" is stuck at GND
    Warning (13410): Pin "data_y[44]" is stuck at GND
    Warning (13410): Pin "data_y[45]" is stuck at GND
    Warning (13410): Pin "data_y[46]" is stuck at GND
    Warning (13410): Pin "data_y[47]" is stuck at GND
    Warning (13410): Pin "data_y[48]" is stuck at GND
    Warning (13410): Pin "data_y[49]" is stuck at GND
    Warning (13410): Pin "data_y[50]" is stuck at GND
    Warning (13410): Pin "data_y[51]" is stuck at GND
    Warning (13410): Pin "data_y[52]" is stuck at GND
    Warning (13410): Pin "data_y[53]" is stuck at GND
    Warning (13410): Pin "data_y[54]" is stuck at GND
    Warning (13410): Pin "data_y[55]" is stuck at GND
    Warning (13410): Pin "data_y[56]" is stuck at GND
    Warning (13410): Pin "data_y[57]" is stuck at GND
    Warning (13410): Pin "data_y[58]" is stuck at GND
    Warning (13410): Pin "data_y[59]" is stuck at GND
    Warning (13410): Pin "data_y[60]" is stuck at GND
    Warning (13410): Pin "data_y[61]" is stuck at GND
    Warning (13410): Pin "data_y[62]" is stuck at GND
    Warning (13410): Pin "data_y[63]" is stuck at GND
Info (286030): Timing-Driven Synthesis is running
Info (16010): Generating hard_block partition "hard_block:auto_generated_inst"
    Info (16011): Adding 0 node(s), including 0 DDIO, 0 PLL, 0 transceiver and 0 LCELL
Info (21057): Implemented 213 device resources after synthesis - the final resource count might be different
    Info (21058): Implemented 10 input pins
    Info (21059): Implemented 128 output pins
    Info (21061): Implemented 75 logic cells
Info: Quartus II 32-bit Analysis & Synthesis was successful. 0 errors, 66 warnings
    Info: Peak virtual memory: 386 megabytes
    Info: Processing ended: Sun Mar 17 22:49:31 2013
    Info: Elapsed time: 00:00:06
    Info: Total CPU time (on all processors): 00:00:05


